# gmm-acc-stats-ali exp/tri1/22.mdl "ark,s,cs:apply-cmvn  --utt2spk=ark:data/train/split3/3/utt2spk scp:data/train/split3/3/cmvn.scp scp:data/train/split3/3/feats.scp ark:- | add-deltas  ark:- ark:- |" "ark,s,cs:gunzip -c exp/tri1/ali.3.gz|" exp/tri1/22.3.acc 
# Started at Tue Oct 10 08:16:51 COT 2017
#
gmm-acc-stats-ali exp/tri1/22.mdl 'ark,s,cs:apply-cmvn  --utt2spk=ark:data/train/split3/3/utt2spk scp:data/train/split3/3/cmvn.scp scp:data/train/split3/3/feats.scp ark:- | add-deltas  ark:- ark:- |' 'ark,s,cs:gunzip -c exp/tri1/ali.3.gz|' exp/tri1/22.3.acc 
apply-cmvn --utt2spk=ark:data/train/split3/3/utt2spk scp:data/train/split3/3/cmvn.scp scp:data/train/split3/3/feats.scp ark:- 
add-deltas ark:- ark:- 
LOG (gmm-acc-stats-ali[5.2.126~1-134cf7]:main():gmm-acc-stats-ali.cc:105) Processed 50 utterances; for utterance user00065_ses65_rep4_task20_t10_es avg. like is -84.6108 over 322 frames.
LOG (gmm-acc-stats-ali[5.2.126~1-134cf7]:main():gmm-acc-stats-ali.cc:105) Processed 100 utterances; for utterance user00065_ses65_rep9_task20_t10_es avg. like is -80.2577 over 346 frames.
LOG (gmm-acc-stats-ali[5.2.126~1-134cf7]:main():gmm-acc-stats-ali.cc:105) Processed 150 utterances; for utterance user00066_ses66_rep4_task20_t10_es avg. like is -84.7863 over 334 frames.
LOG (gmm-acc-stats-ali[5.2.126~1-134cf7]:main():gmm-acc-stats-ali.cc:105) Processed 200 utterances; for utterance user00066_ses66_rep9_task20_t10_es avg. like is -80.2436 over 340 frames.
LOG (gmm-acc-stats-ali[5.2.126~1-134cf7]:main():gmm-acc-stats-ali.cc:105) Processed 250 utterances; for utterance user00067_ses67_rep4_task20_t10_es avg. like is -90.9454 over 298 frames.
LOG (gmm-acc-stats-ali[5.2.126~1-134cf7]:main():gmm-acc-stats-ali.cc:105) Processed 300 utterances; for utterance user00067_ses67_rep9_task20_t10_es avg. like is -80.1366 over 262 frames.
LOG (gmm-acc-stats-ali[5.2.126~1-134cf7]:main():gmm-acc-stats-ali.cc:105) Processed 350 utterances; for utterance user00068_ses68_rep4_task20_t10_es avg. like is -88.272 over 322 frames.
LOG (gmm-acc-stats-ali[5.2.126~1-134cf7]:main():gmm-acc-stats-ali.cc:105) Processed 400 utterances; for utterance user00068_ses68_rep9_task20_t10_es avg. like is -82.5301 over 274 frames.
LOG (gmm-acc-stats-ali[5.2.126~1-134cf7]:main():gmm-acc-stats-ali.cc:105) Processed 450 utterances; for utterance user00069_ses69_rep4_task20_t10_es avg. like is -94.5154 over 262 frames.
LOG (gmm-acc-stats-ali[5.2.126~1-134cf7]:main():gmm-acc-stats-ali.cc:105) Processed 500 utterances; for utterance user00069_ses69_rep9_task20_t10_es avg. like is -85.95 over 232 frames.
LOG (gmm-acc-stats-ali[5.2.126~1-134cf7]:main():gmm-acc-stats-ali.cc:105) Processed 550 utterances; for utterance user00070_ses70_rep4_task20_t10_es avg. like is -86.7578 over 298 frames.
LOG (gmm-acc-stats-ali[5.2.126~1-134cf7]:main():gmm-acc-stats-ali.cc:105) Processed 600 utterances; for utterance user00070_ses70_rep9_task20_t10_es avg. like is -84.9708 over 238 frames.
LOG (gmm-acc-stats-ali[5.2.126~1-134cf7]:main():gmm-acc-stats-ali.cc:105) Processed 650 utterances; for utterance user00071_ses71_rep4_task20_t10_es avg. like is -84.3776 over 328 frames.
LOG (gmm-acc-stats-ali[5.2.126~1-134cf7]:main():gmm-acc-stats-ali.cc:105) Processed 700 utterances; for utterance user00071_ses71_rep9_task20_t10_es avg. like is -83.0114 over 250 frames.
LOG (gmm-acc-stats-ali[5.2.126~1-134cf7]:main():gmm-acc-stats-ali.cc:105) Processed 750 utterances; for utterance user00072_ses72_rep4_task20_t10_es avg. like is -88.0382 over 268 frames.
LOG (gmm-acc-stats-ali[5.2.126~1-134cf7]:main():gmm-acc-stats-ali.cc:105) Processed 800 utterances; for utterance user00072_ses72_rep9_task20_t10_es avg. like is -87.5192 over 220 frames.
LOG (gmm-acc-stats-ali[5.2.126~1-134cf7]:main():gmm-acc-stats-ali.cc:105) Processed 850 utterances; for utterance user00073_ses73_rep4_task20_t10_es avg. like is -82.9119 over 304 frames.
LOG (gmm-acc-stats-ali[5.2.126~1-134cf7]:main():gmm-acc-stats-ali.cc:105) Processed 900 utterances; for utterance user00073_ses73_rep9_task20_t10_es avg. like is -82.8141 over 280 frames.
LOG (gmm-acc-stats-ali[5.2.126~1-134cf7]:main():gmm-acc-stats-ali.cc:105) Processed 950 utterances; for utterance user00074_ses74_rep4_task20_t10_es avg. like is -90.5784 over 304 frames.
LOG (gmm-acc-stats-ali[5.2.126~1-134cf7]:main():gmm-acc-stats-ali.cc:105) Processed 1000 utterances; for utterance user00074_ses74_rep9_task20_t10_es avg. like is -89.8685 over 316 frames.
LOG (gmm-acc-stats-ali[5.2.126~1-134cf7]:main():gmm-acc-stats-ali.cc:105) Processed 1050 utterances; for utterance user00075_ses75_rep4_task20_t10_es avg. like is -90.1187 over 232 frames.
LOG (gmm-acc-stats-ali[5.2.126~1-134cf7]:main():gmm-acc-stats-ali.cc:105) Processed 1100 utterances; for utterance user00075_ses75_rep9_task20_t10_es avg. like is -78.6366 over 226 frames.
LOG (gmm-acc-stats-ali[5.2.126~1-134cf7]:main():gmm-acc-stats-ali.cc:105) Processed 1150 utterances; for utterance user00076_ses76_rep4_task20_t10_es avg. like is -88.5495 over 268 frames.
LOG (gmm-acc-stats-ali[5.2.126~1-134cf7]:main():gmm-acc-stats-ali.cc:105) Processed 1200 utterances; for utterance user00076_ses76_rep9_task20_t10_es avg. like is -82.9119 over 220 frames.
LOG (gmm-acc-stats-ali[5.2.126~1-134cf7]:main():gmm-acc-stats-ali.cc:105) Processed 1250 utterances; for utterance user00077_ses77_rep4_task20_t10_es avg. like is -92.5921 over 268 frames.
LOG (gmm-acc-stats-ali[5.2.126~1-134cf7]:main():gmm-acc-stats-ali.cc:105) Processed 1300 utterances; for utterance user00077_ses77_rep9_task20_t10_es avg. like is -86.351 over 256 frames.
LOG (gmm-acc-stats-ali[5.2.126~1-134cf7]:main():gmm-acc-stats-ali.cc:105) Processed 1350 utterances; for utterance user00078_ses78_rep4_task20_t10_es avg. like is -88.116 over 268 frames.
LOG (gmm-acc-stats-ali[5.2.126~1-134cf7]:main():gmm-acc-stats-ali.cc:105) Processed 1400 utterances; for utterance user00078_ses78_rep9_task20_t10_es avg. like is -97.0445 over 316 frames.
LOG (gmm-acc-stats-ali[5.2.126~1-134cf7]:main():gmm-acc-stats-ali.cc:105) Processed 1450 utterances; for utterance user00079_ses79_rep4_task20_t10_es avg. like is -88.724 over 226 frames.
LOG (gmm-acc-stats-ali[5.2.126~1-134cf7]:main():gmm-acc-stats-ali.cc:105) Processed 1500 utterances; for utterance user00079_ses79_rep9_task20_t10_es avg. like is -83.2906 over 202 frames.
LOG (gmm-acc-stats-ali[5.2.126~1-134cf7]:main():gmm-acc-stats-ali.cc:105) Processed 1550 utterances; for utterance user00080_ses80_rep4_task20_t10_es avg. like is -88.1745 over 226 frames.
LOG (gmm-acc-stats-ali[5.2.126~1-134cf7]:main():gmm-acc-stats-ali.cc:105) Processed 1600 utterances; for utterance user00080_ses80_rep9_task20_t10_es avg. like is -84.0027 over 226 frames.
LOG (gmm-acc-stats-ali[5.2.126~1-134cf7]:main():gmm-acc-stats-ali.cc:105) Processed 1650 utterances; for utterance user00081_ses81_rep4_task20_t10_es avg. like is -93.3953 over 244 frames.
LOG (gmm-acc-stats-ali[5.2.126~1-134cf7]:main():gmm-acc-stats-ali.cc:105) Processed 1700 utterances; for utterance user00081_ses81_rep9_task20_t10_es avg. like is -92.0185 over 238 frames.
LOG (gmm-acc-stats-ali[5.2.126~1-134cf7]:main():gmm-acc-stats-ali.cc:105) Processed 1750 utterances; for utterance user00082_ses82_rep4_task20_t10_es avg. like is -85.8243 over 316 frames.
LOG (gmm-acc-stats-ali[5.2.126~1-134cf7]:main():gmm-acc-stats-ali.cc:105) Processed 1800 utterances; for utterance user00082_ses82_rep9_task20_t10_es avg. like is -85.3092 over 250 frames.
LOG (gmm-acc-stats-ali[5.2.126~1-134cf7]:main():gmm-acc-stats-ali.cc:105) Processed 1850 utterances; for utterance user00083_ses83_rep4_task20_t10_es avg. like is -90.7208 over 196 frames.
LOG (gmm-acc-stats-ali[5.2.126~1-134cf7]:main():gmm-acc-stats-ali.cc:105) Processed 1900 utterances; for utterance user00083_ses83_rep9_task20_t10_es avg. like is -87.4651 over 202 frames.
LOG (gmm-acc-stats-ali[5.2.126~1-134cf7]:main():gmm-acc-stats-ali.cc:105) Processed 1950 utterances; for utterance user00084_ses84_rep4_task20_t10_es avg. like is -89.4763 over 274 frames.
LOG (gmm-acc-stats-ali[5.2.126~1-134cf7]:main():gmm-acc-stats-ali.cc:105) Processed 2000 utterances; for utterance user00084_ses84_rep9_task20_t10_es avg. like is -82.8251 over 292 frames.
LOG (gmm-acc-stats-ali[5.2.126~1-134cf7]:main():gmm-acc-stats-ali.cc:105) Processed 2050 utterances; for utterance user00086_ses86_rep4_task20_t10_es avg. like is -94.5388 over 286 frames.
LOG (gmm-acc-stats-ali[5.2.126~1-134cf7]:main():gmm-acc-stats-ali.cc:105) Processed 2100 utterances; for utterance user00086_ses86_rep9_task20_t10_es avg. like is -87.9838 over 286 frames.
LOG (gmm-acc-stats-ali[5.2.126~1-134cf7]:main():gmm-acc-stats-ali.cc:105) Processed 2150 utterances; for utterance user00087_ses87_rep4_task20_t10_es avg. like is -91.8409 over 202 frames.
LOG (gmm-acc-stats-ali[5.2.126~1-134cf7]:main():gmm-acc-stats-ali.cc:105) Processed 2200 utterances; for utterance user00087_ses87_rep9_task20_t10_es avg. like is -85.6643 over 202 frames.
LOG (gmm-acc-stats-ali[5.2.126~1-134cf7]:main():gmm-acc-stats-ali.cc:105) Processed 2250 utterances; for utterance user00088_ses88_rep4_task20_t10_es avg. like is -97.0737 over 190 frames.
LOG (gmm-acc-stats-ali[5.2.126~1-134cf7]:main():gmm-acc-stats-ali.cc:105) Processed 2300 utterances; for utterance user00088_ses88_rep9_task20_t10_es avg. like is -83.1487 over 184 frames.
LOG (gmm-acc-stats-ali[5.2.126~1-134cf7]:main():gmm-acc-stats-ali.cc:105) Processed 2350 utterances; for utterance user00089_ses89_rep4_task20_t10_es avg. like is -94.0246 over 184 frames.
LOG (gmm-acc-stats-ali[5.2.126~1-134cf7]:main():gmm-acc-stats-ali.cc:105) Processed 2400 utterances; for utterance user00089_ses89_rep9_task20_t10_es avg. like is -85.62 over 172 frames.
LOG (gmm-acc-stats-ali[5.2.126~1-134cf7]:main():gmm-acc-stats-ali.cc:105) Processed 2450 utterances; for utterance user00090_ses90_rep4_task19_t9_es avg. like is -99.1082 over 322 frames.
WARNING (gmm-acc-stats-ali[5.2.126~1-134cf7]:main():gmm-acc-stats-ali.cc:79) No alignment for utterance user00090_ses90_rep5_task15_t5_es
WARNING (gmm-acc-stats-ali[5.2.126~1-134cf7]:main():gmm-acc-stats-ali.cc:79) No alignment for utterance user00090_ses90_rep6_task16_t6_es
LOG (gmm-acc-stats-ali[5.2.126~1-134cf7]:main():gmm-acc-stats-ali.cc:105) Processed 2500 utterances; for utterance user00091_ses91_rep10_task11_t1_es avg. like is -85.5713 over 226 frames.
LOG (gmm-acc-stats-ali[5.2.126~1-134cf7]:main():gmm-acc-stats-ali.cc:105) Processed 2550 utterances; for utterance user00091_ses91_rep5_task11_t1_es avg. like is -90.6218 over 226 frames.
LOG (gmm-acc-stats-ali[5.2.126~1-134cf7]:main():gmm-acc-stats-ali.cc:105) Processed 2600 utterances; for utterance user00093_ses93_rep10_task11_t1_es avg. like is -88.5093 over 274 frames.
LOG (gmm-acc-stats-ali[5.2.126~1-134cf7]:main():gmm-acc-stats-ali.cc:105) Processed 2650 utterances; for utterance user00093_ses93_rep5_task11_t1_es avg. like is -93.2688 over 262 frames.
LOG (gmm-acc-stats-ali[5.2.126~1-134cf7]:main():gmm-acc-stats-ali.cc:105) Processed 2700 utterances; for utterance user00094_ses94_rep10_task11_t1_es avg. like is -88.2244 over 250 frames.
LOG (gmm-acc-stats-ali[5.2.126~1-134cf7]:main():gmm-acc-stats-ali.cc:105) Processed 2750 utterances; for utterance user00094_ses94_rep5_task11_t1_es avg. like is -91.6028 over 250 frames.
LOG (apply-cmvn[5.2.126~1-134cf7]:main():apply-cmvn.cc:162) Applied cepstral mean normalization to 2801 utterances, errors on 0
LOG (gmm-acc-stats-ali[5.2.126~1-134cf7]:main():gmm-acc-stats-ali.cc:112) Done 2799 files, 2 with errors.
LOG (gmm-acc-stats-ali[5.2.126~1-134cf7]:main():gmm-acc-stats-ali.cc:115) Overall avg like per frame (Gaussian only) = -89.7682 over 935358 frames.
LOG (gmm-acc-stats-ali[5.2.126~1-134cf7]:main():gmm-acc-stats-ali.cc:123) Written accs.
# Accounting: time=5 threads=1
# Ended (code 0) at Tue Oct 10 08:16:56 COT 2017, elapsed time 5 seconds
