# compile-train-graphs --read-disambig-syms=data/lang/phones/disambig.int exp/tri1/tree exp/tri1/1.mdl data/lang/L.fst "ark:utils/sym2int.pl --map-oov 2 -f 2- data/lang/words.txt < data/train/split3/1/text |" "ark:|gzip -c >exp/tri1/fsts.1.gz" 
# Started at Tue Oct 10 08:13:44 COT 2017
#
compile-train-graphs --read-disambig-syms=data/lang/phones/disambig.int exp/tri1/tree exp/tri1/1.mdl data/lang/L.fst 'ark:utils/sym2int.pl --map-oov 2 -f 2- data/lang/words.txt < data/train/split3/1/text |' 'ark:|gzip -c >exp/tri1/fsts.1.gz' 
sym2int.pl: replacing omar, with 2
sym2int.pl: replacing niño, with 2
sym2int.pl: replacing bien, with 2
sym2int.pl: replacing omar, with 2
sym2int.pl: replacing niño, with 2
sym2int.pl: replacing bien, with 2
sym2int.pl: replacing niño, with 2
sym2int.pl: replacing bien, with 2
sym2int.pl: replacing omar, with 2
sym2int.pl: replacing niño, with 2
sym2int.pl: replacing bien, with 2
sym2int.pl: replacing omar, with 2
sym2int.pl: replacing niño, with 2
sym2int.pl: replacing bien, with 2
sym2int.pl: replacing omar, with 2
sym2int.pl: replacing niño, with 2
sym2int.pl: replacing bien, with 2
sym2int.pl: replacing omar, with 2
sym2int.pl: replacing niño, with 2
sym2int.pl: replacing bien, with 2
sym2int.pl: not warning for OOVs any more times
** Replaced 863 instances of OOVs with 2
LOG (compile-train-graphs[5.2.126~1-134cf7]:main():compile-train-graphs.cc:147) compile-train-graphs: succeeded for 2848 graphs, failed for 0
# Accounting: time=21 threads=1
# Ended (code 0) at Tue Oct 10 08:14:05 COT 2017, elapsed time 21 seconds
