# gmm-est --mix-up=2360 --power=0.25 --write-occs=exp/tri1/3.occs exp/tri1/2.mdl "gmm-sum-accs - exp/tri1/2.*.acc |" exp/tri1/3.mdl 
# Started at Tue Oct 10 08:14:11 COT 2017
#
gmm-est --mix-up=2360 --power=0.25 --write-occs=exp/tri1/3.occs exp/tri1/2.mdl 'gmm-sum-accs - exp/tri1/2.*.acc |' exp/tri1/3.mdl 
gmm-sum-accs - exp/tri1/2.1.acc exp/tri1/2.2.acc exp/tri1/2.3.acc 
LOG (gmm-sum-accs[5.2.126~1-134cf7]:main():gmm-sum-accs.cc:63) Summed 3 stats, total count 2.72529e+06, avg like/frame -95.8597
LOG (gmm-sum-accs[5.2.126~1-134cf7]:main():gmm-sum-accs.cc:66) Total count of stats is 2.72529e+06
LOG (gmm-sum-accs[5.2.126~1-134cf7]:main():gmm-sum-accs.cc:67) Written stats to -
LOG (gmm-est[5.2.126~1-134cf7]:MleUpdate():transition-model.cc:517) TransitionModel::Update, objf change is -4.4223e-11 per frame over 2.72529e+06 frames. 
LOG (gmm-est[5.2.126~1-134cf7]:MleUpdate():transition-model.cc:520) 18 probabilities floored, 2504 out of 3434 transition-states skipped due to insuffient data (it is normal to have some skipped.)
LOG (gmm-est[5.2.126~1-134cf7]:main():gmm-est.cc:102) Transition model update: Overall -4.4223e-11 log-like improvement per frame over 2.72529e+06 frames.
WARNING (gmm-est[5.2.126~1-134cf7]:MleDiagGmmUpdate():mle-diag-gmm.cc:365) Gaussian has too little data but not removing it because it is the last Gaussian: i = 0, occ = 0, weight = 1
LOG (gmm-est[5.2.126~1-134cf7]:MleAmDiagGmmUpdate():mle-am-diag-gmm.cc:225) 0 variance elements floored in 0 Gaussians, out of 2016
LOG (gmm-est[5.2.126~1-134cf7]:MleAmDiagGmmUpdate():mle-am-diag-gmm.cc:229) Removed 0 Gaussians due to counts < --min-gaussian-occupancy=10 and --remove-low-count-gaussians=true
LOG (gmm-est[5.2.126~1-134cf7]:main():gmm-est.cc:113) GMM update: Overall 0.099804 objective function improvement per frame over 2.72529e+06 frames
LOG (gmm-est[5.2.126~1-134cf7]:main():gmm-est.cc:116) GMM update: Overall avg like per frame = -95.8597 over 2.72529e+06 frames.
LOG (gmm-est[5.2.126~1-134cf7]:SplitByCount():am-diag-gmm.cc:116) Split 912 states with target = 2360, power = 0.25, perturb_factor = 0.01 and min_count = 20, split #Gauss from 2016 to 2360
LOG (gmm-est[5.2.126~1-134cf7]:main():gmm-est.cc:146) Written model to exp/tri1/3.mdl
# Accounting: time=0 threads=1
# Ended (code 0) at Tue Oct 10 08:14:11 COT 2017, elapsed time 0 seconds
