# gmm-acc-stats-ali exp/mono/3.mdl "ark,s,cs:apply-cmvn  --utt2spk=ark:data/train/split3/2/utt2spk scp:data/train/split3/2/cmvn.scp scp:data/train/split3/2/feats.scp ark:- | add-deltas ark:- ark:- |" "ark:gunzip -c exp/mono/ali.2.gz|" exp/mono/3.2.acc 
# Started at Mon Oct  9 19:27:21 COT 2017
#
gmm-acc-stats-ali exp/mono/3.mdl 'ark,s,cs:apply-cmvn  --utt2spk=ark:data/train/split3/2/utt2spk scp:data/train/split3/2/cmvn.scp scp:data/train/split3/2/feats.scp ark:- | add-deltas ark:- ark:- |' 'ark:gunzip -c exp/mono/ali.2.gz|' exp/mono/3.2.acc 
apply-cmvn --utt2spk=ark:data/train/split3/2/utt2spk scp:data/train/split3/2/cmvn.scp scp:data/train/split3/2/feats.scp ark:- 
add-deltas ark:- ark:- 
LOG (gmm-acc-stats-ali[5.2.126~1-134cf7]:main():gmm-acc-stats-ali.cc:105) Processed 50 utterances; for utterance user00036_ses36_rep4_task20_t10_es avg. like is -103.721 over 214 frames.
LOG (gmm-acc-stats-ali[5.2.126~1-134cf7]:main():gmm-acc-stats-ali.cc:105) Processed 100 utterances; for utterance user00036_ses36_rep9_task20_t10_es avg. like is -92.3789 over 226 frames.
WARNING (gmm-acc-stats-ali[5.2.126~1-134cf7]:main():gmm-acc-stats-ali.cc:79) No alignment for utterance user00037_ses37_rep1_task14_t4_es
WARNING (gmm-acc-stats-ali[5.2.126~1-134cf7]:main():gmm-acc-stats-ali.cc:79) No alignment for utterance user00037_ses37_rep4_task14_t4_es
LOG (gmm-acc-stats-ali[5.2.126~1-134cf7]:main():gmm-acc-stats-ali.cc:105) Processed 150 utterances; for utterance user00037_ses37_rep5_task12_t2_es avg. like is -101.212 over 256 frames.
LOG (gmm-acc-stats-ali[5.2.126~1-134cf7]:main():gmm-acc-stats-ali.cc:105) Processed 200 utterances; for utterance user00038_ses38_rep10_task12_t2_es avg. like is -94.4217 over 202 frames.
WARNING (gmm-acc-stats-ali[5.2.126~1-134cf7]:main():gmm-acc-stats-ali.cc:79) No alignment for utterance user00038_ses38_rep1_task14_t4_es
WARNING (gmm-acc-stats-ali[5.2.126~1-134cf7]:main():gmm-acc-stats-ali.cc:79) No alignment for utterance user00038_ses38_rep3_task14_t4_es
LOG (gmm-acc-stats-ali[5.2.126~1-134cf7]:main():gmm-acc-stats-ali.cc:105) Processed 250 utterances; for utterance user00038_ses38_rep5_task14_t4_es avg. like is -99.3928 over 322 frames.
LOG (gmm-acc-stats-ali[5.2.126~1-134cf7]:main():gmm-acc-stats-ali.cc:105) Processed 300 utterances; for utterance user00039_ses39_rep10_task14_t4_es avg. like is -105.005 over 346 frames.
WARNING (gmm-acc-stats-ali[5.2.126~1-134cf7]:main():gmm-acc-stats-ali.cc:79) No alignment for utterance user00039_ses39_rep1_task14_t4_es
WARNING (gmm-acc-stats-ali[5.2.126~1-134cf7]:main():gmm-acc-stats-ali.cc:79) No alignment for utterance user00039_ses39_rep3_task14_t4_es
LOG (gmm-acc-stats-ali[5.2.126~1-134cf7]:main():gmm-acc-stats-ali.cc:105) Processed 350 utterances; for utterance user00039_ses39_rep5_task16_t6_es avg. like is -101.576 over 460 frames.
LOG (gmm-acc-stats-ali[5.2.126~1-134cf7]:main():gmm-acc-stats-ali.cc:105) Processed 400 utterances; for utterance user00040_ses40_rep10_task16_t6_es avg. like is -95.277 over 358 frames.
LOG (gmm-acc-stats-ali[5.2.126~1-134cf7]:main():gmm-acc-stats-ali.cc:105) Processed 450 utterances; for utterance user00040_ses40_rep5_task16_t6_es avg. like is -98.5783 over 370 frames.
LOG (gmm-acc-stats-ali[5.2.126~1-134cf7]:main():gmm-acc-stats-ali.cc:105) Processed 500 utterances; for utterance user00042_ses42_rep10_task16_t6_es avg. like is -100.542 over 412 frames.
WARNING (gmm-acc-stats-ali[5.2.126~1-134cf7]:main():gmm-acc-stats-ali.cc:79) No alignment for utterance user00042_ses42_rep5_task14_t4_es
LOG (gmm-acc-stats-ali[5.2.126~1-134cf7]:main():gmm-acc-stats-ali.cc:105) Processed 550 utterances; for utterance user00042_ses42_rep5_task17_t7_es avg. like is -106.864 over 358 frames.
WARNING (gmm-acc-stats-ali[5.2.126~1-134cf7]:main():gmm-acc-stats-ali.cc:79) No alignment for utterance user00042_ses42_rep6_task14_t4_es
LOG (gmm-acc-stats-ali[5.2.126~1-134cf7]:main():gmm-acc-stats-ali.cc:105) Processed 600 utterances; for utterance user00043_ses43_rep10_task18_t8_es avg. like is -93.1778 over 328 frames.
LOG (gmm-acc-stats-ali[5.2.126~1-134cf7]:main():gmm-acc-stats-ali.cc:105) Processed 650 utterances; for utterance user00043_ses43_rep5_task18_t8_es avg. like is -98.6206 over 310 frames.
LOG (gmm-acc-stats-ali[5.2.126~1-134cf7]:main():gmm-acc-stats-ali.cc:105) Processed 700 utterances; for utterance user00044_ses44_rep10_task18_t8_es avg. like is -100.085 over 310 frames.
LOG (gmm-acc-stats-ali[5.2.126~1-134cf7]:main():gmm-acc-stats-ali.cc:105) Processed 750 utterances; for utterance user00044_ses44_rep5_task18_t8_es avg. like is -101.363 over 316 frames.
LOG (gmm-acc-stats-ali[5.2.126~1-134cf7]:main():gmm-acc-stats-ali.cc:105) Processed 800 utterances; for utterance user00045_ses45_rep10_task18_t8_es avg. like is -93.79 over 346 frames.
WARNING (gmm-acc-stats-ali[5.2.126~1-134cf7]:main():gmm-acc-stats-ali.cc:79) No alignment for utterance user00045_ses45_rep1_task14_t4_es
WARNING (gmm-acc-stats-ali[5.2.126~1-134cf7]:main():gmm-acc-stats-ali.cc:79) No alignment for utterance user00045_ses45_rep2_task14_t4_es
WARNING (gmm-acc-stats-ali[5.2.126~1-134cf7]:main():gmm-acc-stats-ali.cc:79) No alignment for utterance user00045_ses45_rep4_task14_t4_es
LOG (gmm-acc-stats-ali[5.2.126~1-134cf7]:main():gmm-acc-stats-ali.cc:105) Processed 850 utterances; for utterance user00045_ses45_rep6_task11_t1_es avg. like is -97.8066 over 280 frames.
LOG (gmm-acc-stats-ali[5.2.126~1-134cf7]:main():gmm-acc-stats-ali.cc:105) Processed 900 utterances; for utterance user00046_ses46_rep1_task11_t1_es avg. like is -102.147 over 310 frames.
WARNING (gmm-acc-stats-ali[5.2.126~1-134cf7]:main():gmm-acc-stats-ali.cc:79) No alignment for utterance user00046_ses46_rep2_task14_t4_es
LOG (gmm-acc-stats-ali[5.2.126~1-134cf7]:main():gmm-acc-stats-ali.cc:105) Processed 950 utterances; for utterance user00046_ses46_rep6_task12_t2_es avg. like is -97.1873 over 268 frames.
WARNING (gmm-acc-stats-ali[5.2.126~1-134cf7]:main():gmm-acc-stats-ali.cc:79) No alignment for utterance user00047_ses47_rep10_task14_t4_es
LOG (gmm-acc-stats-ali[5.2.126~1-134cf7]:main():gmm-acc-stats-ali.cc:105) Processed 1000 utterances; for utterance user00047_ses47_rep1_task13_t3_es avg. like is -104.93 over 298 frames.
WARNING (gmm-acc-stats-ali[5.2.126~1-134cf7]:main():gmm-acc-stats-ali.cc:79) No alignment for utterance user00047_ses47_rep5_task14_t4_es
WARNING (gmm-acc-stats-ali[5.2.126~1-134cf7]:main():gmm-acc-stats-ali.cc:79) No alignment for utterance user00047_ses47_rep6_task14_t4_es
LOG (gmm-acc-stats-ali[5.2.126~1-134cf7]:main():gmm-acc-stats-ali.cc:105) Processed 1050 utterances; for utterance user00047_ses47_rep6_task15_t5_es avg. like is -107.562 over 388 frames.
WARNING (gmm-acc-stats-ali[5.2.126~1-134cf7]:main():gmm-acc-stats-ali.cc:79) No alignment for utterance user00047_ses47_rep7_task14_t4_es
WARNING (gmm-acc-stats-ali[5.2.126~1-134cf7]:main():gmm-acc-stats-ali.cc:79) No alignment for utterance user00047_ses47_rep8_task14_t4_es
WARNING (gmm-acc-stats-ali[5.2.126~1-134cf7]:main():gmm-acc-stats-ali.cc:79) No alignment for utterance user00047_ses47_rep9_task14_t4_es
WARNING (gmm-acc-stats-ali[5.2.126~1-134cf7]:main():gmm-acc-stats-ali.cc:79) No alignment for utterance user00048_ses48_rep10_task14_t4_es
WARNING (gmm-acc-stats-ali[5.2.126~1-134cf7]:main():gmm-acc-stats-ali.cc:79) No alignment for utterance user00048_ses48_rep1_task14_t4_es
LOG (gmm-acc-stats-ali[5.2.126~1-134cf7]:main():gmm-acc-stats-ali.cc:105) Processed 1100 utterances; for utterance user00048_ses48_rep1_task20_t10_es avg. like is -98.3984 over 286 frames.
WARNING (gmm-acc-stats-ali[5.2.126~1-134cf7]:main():gmm-acc-stats-ali.cc:79) No alignment for utterance user00048_ses48_rep3_task14_t4_es
LOG (gmm-acc-stats-ali[5.2.126~1-134cf7]:main():gmm-acc-stats-ali.cc:105) Processed 1150 utterances; for utterance user00048_ses48_rep7_task11_t1_es avg. like is -101.082 over 196 frames.
LOG (gmm-acc-stats-ali[5.2.126~1-134cf7]:main():gmm-acc-stats-ali.cc:105) Processed 1200 utterances; for utterance user00049_ses49_rep2_task11_t1_es avg. like is -104.074 over 244 frames.
WARNING (gmm-acc-stats-ali[5.2.126~1-134cf7]:main():gmm-acc-stats-ali.cc:79) No alignment for utterance user00049_ses49_rep2_task14_t4_es
WARNING (gmm-acc-stats-ali[5.2.126~1-134cf7]:main():gmm-acc-stats-ali.cc:79) No alignment for utterance user00049_ses49_rep3_task14_t4_es
LOG (gmm-acc-stats-ali[5.2.126~1-134cf7]:main():gmm-acc-stats-ali.cc:105) Processed 1250 utterances; for utterance user00049_ses49_rep7_task13_t3_es avg. like is -98.812 over 214 frames.
LOG (gmm-acc-stats-ali[5.2.126~1-134cf7]:main():gmm-acc-stats-ali.cc:105) Processed 1300 utterances; for utterance user00050_ses50_rep2_task13_t3_es avg. like is -106.693 over 214 frames.
LOG (gmm-acc-stats-ali[5.2.126~1-134cf7]:main():gmm-acc-stats-ali.cc:105) Processed 1350 utterances; for utterance user00050_ses50_rep7_task13_t3_es avg. like is -98.1254 over 196 frames.
LOG (gmm-acc-stats-ali[5.2.126~1-134cf7]:main():gmm-acc-stats-ali.cc:105) Processed 1400 utterances; for utterance user00051_ses51_rep2_task13_t3_es avg. like is -99.8483 over 256 frames.
WARNING (gmm-acc-stats-ali[5.2.126~1-134cf7]:main():gmm-acc-stats-ali.cc:79) No alignment for utterance user00051_ses51_rep2_task14_t4_es
WARNING (gmm-acc-stats-ali[5.2.126~1-134cf7]:main():gmm-acc-stats-ali.cc:79) No alignment for utterance user00051_ses51_rep3_task14_t4_es
WARNING (gmm-acc-stats-ali[5.2.126~1-134cf7]:main():gmm-acc-stats-ali.cc:79) No alignment for utterance user00051_ses51_rep6_task14_t4_es
LOG (gmm-acc-stats-ali[5.2.126~1-134cf7]:main():gmm-acc-stats-ali.cc:105) Processed 1450 utterances; for utterance user00051_ses51_rep7_task16_t6_es avg. like is -97.3881 over 466 frames.
LOG (gmm-acc-stats-ali[5.2.126~1-134cf7]:main():gmm-acc-stats-ali.cc:105) Processed 1500 utterances; for utterance user00052_ses52_rep2_task16_t6_es avg. like is -106.779 over 436 frames.
LOG (gmm-acc-stats-ali[5.2.126~1-134cf7]:main():gmm-acc-stats-ali.cc:105) Processed 1550 utterances; for utterance user00052_ses52_rep7_task16_t6_es avg. like is -107.872 over 400 frames.
WARNING (gmm-acc-stats-ali[5.2.126~1-134cf7]:main():gmm-acc-stats-ali.cc:79) No alignment for utterance user00053_ses53_rep10_task14_t4_es
WARNING (gmm-acc-stats-ali[5.2.126~1-134cf7]:main():gmm-acc-stats-ali.cc:79) No alignment for utterance user00053_ses53_rep1_task14_t4_es
WARNING (gmm-acc-stats-ali[5.2.126~1-134cf7]:main():gmm-acc-stats-ali.cc:79) No alignment for utterance user00053_ses53_rep2_task14_t4_es
LOG (gmm-acc-stats-ali[5.2.126~1-134cf7]:main():gmm-acc-stats-ali.cc:105) Processed 1600 utterances; for utterance user00053_ses53_rep2_task19_t9_es avg. like is -103.502 over 346 frames.
WARNING (gmm-acc-stats-ali[5.2.126~1-134cf7]:main():gmm-acc-stats-ali.cc:79) No alignment for utterance user00053_ses53_rep3_task14_t4_es
WARNING (gmm-acc-stats-ali[5.2.126~1-134cf7]:main():gmm-acc-stats-ali.cc:79) No alignment for utterance user00053_ses53_rep7_task14_t4_es
LOG (gmm-acc-stats-ali[5.2.126~1-134cf7]:main():gmm-acc-stats-ali.cc:105) Processed 1650 utterances; for utterance user00053_ses53_rep8_task11_t1_es avg. like is -99.0848 over 238 frames.
WARNING (gmm-acc-stats-ali[5.2.126~1-134cf7]:main():gmm-acc-stats-ali.cc:79) No alignment for utterance user00053_ses53_rep8_task14_t4_es
WARNING (gmm-acc-stats-ali[5.2.126~1-134cf7]:main():gmm-acc-stats-ali.cc:79) No alignment for utterance user00053_ses53_rep9_task14_t4_es
LOG (gmm-acc-stats-ali[5.2.126~1-134cf7]:main():gmm-acc-stats-ali.cc:105) Processed 1700 utterances; for utterance user00054_ses54_rep3_task13_t3_es avg. like is -96.6551 over 334 frames.
LOG (gmm-acc-stats-ali[5.2.126~1-134cf7]:main():gmm-acc-stats-ali.cc:105) Processed 1750 utterances; for utterance user00054_ses54_rep8_task13_t3_es avg. like is -94.8784 over 280 frames.
WARNING (gmm-acc-stats-ali[5.2.126~1-134cf7]:main():gmm-acc-stats-ali.cc:79) No alignment for utterance user00054_ses54_rep8_task14_t4_es
WARNING (gmm-acc-stats-ali[5.2.126~1-134cf7]:main():gmm-acc-stats-ali.cc:79) No alignment for utterance user00055_ses55_rep1_task14_t4_es
LOG (gmm-acc-stats-ali[5.2.126~1-134cf7]:main():gmm-acc-stats-ali.cc:105) Processed 1800 utterances; for utterance user00055_ses55_rep3_task15_t5_es avg. like is -106.922 over 418 frames.
LOG (gmm-acc-stats-ali[5.2.126~1-134cf7]:main():gmm-acc-stats-ali.cc:105) Processed 1850 utterances; for utterance user00055_ses55_rep8_task15_t5_es avg. like is -98.9254 over 364 frames.
WARNING (gmm-acc-stats-ali[5.2.126~1-134cf7]:main():gmm-acc-stats-ali.cc:79) No alignment for utterance user00056_ses56_rep3_task14_t4_es
LOG (gmm-acc-stats-ali[5.2.126~1-134cf7]:main():gmm-acc-stats-ali.cc:105) Processed 1900 utterances; for utterance user00056_ses56_rep3_task16_t6_es avg. like is -107.597 over 310 frames.
LOG (gmm-acc-stats-ali[5.2.126~1-134cf7]:main():gmm-acc-stats-ali.cc:105) Processed 1950 utterances; for utterance user00056_ses56_rep8_task16_t6_es avg. like is -99.3037 over 304 frames.
LOG (gmm-acc-stats-ali[5.2.126~1-134cf7]:main():gmm-acc-stats-ali.cc:105) Processed 2000 utterances; for utterance user00057_ses57_rep3_task16_t6_es avg. like is -105.956 over 382 frames.
LOG (gmm-acc-stats-ali[5.2.126~1-134cf7]:main():gmm-acc-stats-ali.cc:105) Processed 2050 utterances; for utterance user00057_ses57_rep8_task16_t6_es avg. like is -98.64 over 412 frames.
WARNING (gmm-acc-stats-ali[5.2.126~1-134cf7]:main():gmm-acc-stats-ali.cc:79) No alignment for utterance user00058_ses58_rep10_task14_t4_es
WARNING (gmm-acc-stats-ali[5.2.126~1-134cf7]:main():gmm-acc-stats-ali.cc:79) No alignment for utterance user00058_ses58_rep1_task14_t4_es
WARNING (gmm-acc-stats-ali[5.2.126~1-134cf7]:main():gmm-acc-stats-ali.cc:79) No alignment for utterance user00058_ses58_rep3_task14_t4_es
LOG (gmm-acc-stats-ali[5.2.126~1-134cf7]:main():gmm-acc-stats-ali.cc:105) Processed 2100 utterances; for utterance user00058_ses58_rep3_task19_t9_es avg. like is -105.747 over 256 frames.
WARNING (gmm-acc-stats-ali[5.2.126~1-134cf7]:main():gmm-acc-stats-ali.cc:79) No alignment for utterance user00058_ses58_rep5_task14_t4_es
WARNING (gmm-acc-stats-ali[5.2.126~1-134cf7]:main():gmm-acc-stats-ali.cc:79) No alignment for utterance user00058_ses58_rep6_task14_t4_es
WARNING (gmm-acc-stats-ali[5.2.126~1-134cf7]:main():gmm-acc-stats-ali.cc:79) No alignment for utterance user00058_ses58_rep7_task14_t4_es
LOG (gmm-acc-stats-ali[5.2.126~1-134cf7]:main():gmm-acc-stats-ali.cc:105) Processed 2150 utterances; for utterance user00058_ses58_rep9_task12_t2_es avg. like is -96.9306 over 244 frames.
LOG (gmm-acc-stats-ali[5.2.126~1-134cf7]:main():gmm-acc-stats-ali.cc:105) Processed 2200 utterances; for utterance user00059_ses59_rep4_task12_t2_es avg. like is -102.975 over 280 frames.
LOG (gmm-acc-stats-ali[5.2.126~1-134cf7]:main():gmm-acc-stats-ali.cc:105) Processed 2250 utterances; for utterance user00059_ses59_rep9_task12_t2_es avg. like is -93.0901 over 304 frames.
WARNING (gmm-acc-stats-ali[5.2.126~1-134cf7]:main():gmm-acc-stats-ali.cc:79) No alignment for utterance user00060_ses60_rep1_task14_t4_es
LOG (gmm-acc-stats-ali[5.2.126~1-134cf7]:main():gmm-acc-stats-ali.cc:105) Processed 2300 utterances; for utterance user00060_ses60_rep4_task13_t3_es avg. like is -98.1663 over 250 frames.
WARNING (gmm-acc-stats-ali[5.2.126~1-134cf7]:main():gmm-acc-stats-ali.cc:79) No alignment for utterance user00060_ses60_rep4_task14_t4_es
WARNING (gmm-acc-stats-ali[5.2.126~1-134cf7]:main():gmm-acc-stats-ali.cc:79) No alignment for utterance user00060_ses60_rep6_task14_t4_es
LOG (gmm-acc-stats-ali[5.2.126~1-134cf7]:main():gmm-acc-stats-ali.cc:105) Processed 2350 utterances; for utterance user00060_ses60_rep9_task15_t5_es avg. like is -99.7712 over 376 frames.
WARNING (gmm-acc-stats-ali[5.2.126~1-134cf7]:main():gmm-acc-stats-ali.cc:79) No alignment for utterance user00061_ses61_rep3_task14_t4_es
WARNING (gmm-acc-stats-ali[5.2.126~1-134cf7]:main():gmm-acc-stats-ali.cc:79) No alignment for utterance user00061_ses61_rep4_task14_t4_es
LOG (gmm-acc-stats-ali[5.2.126~1-134cf7]:main():gmm-acc-stats-ali.cc:105) Processed 2400 utterances; for utterance user00061_ses61_rep4_task17_t7_es avg. like is -103.815 over 298 frames.
WARNING (gmm-acc-stats-ali[5.2.126~1-134cf7]:main():gmm-acc-stats-ali.cc:79) No alignment for utterance user00061_ses61_rep5_task14_t4_es
WARNING (gmm-acc-stats-ali[5.2.126~1-134cf7]:main():gmm-acc-stats-ali.cc:79) No alignment for utterance user00061_ses61_rep6_task14_t4_es
WARNING (gmm-acc-stats-ali[5.2.126~1-134cf7]:main():gmm-acc-stats-ali.cc:79) No alignment for utterance user00061_ses61_rep7_task14_t4_es
LOG (gmm-acc-stats-ali[5.2.126~1-134cf7]:main():gmm-acc-stats-ali.cc:105) Processed 2450 utterances; for utterance user00061_ses61_rep9_task20_t10_es avg. like is -100.71 over 184 frames.
WARNING (gmm-acc-stats-ali[5.2.126~1-134cf7]:main():gmm-acc-stats-ali.cc:79) No alignment for utterance user00062_ses62_rep1_task14_t4_es
WARNING (gmm-acc-stats-ali[5.2.126~1-134cf7]:main():gmm-acc-stats-ali.cc:79) No alignment for utterance user00062_ses62_rep2_task14_t4_es
LOG (gmm-acc-stats-ali[5.2.126~1-134cf7]:main():gmm-acc-stats-ali.cc:105) Processed 2500 utterances; for utterance user00062_ses62_rep5_task12_t2_es avg. like is -100.911 over 328 frames.
WARNING (gmm-acc-stats-ali[5.2.126~1-134cf7]:main():gmm-acc-stats-ali.cc:79) No alignment for utterance user00062_ses62_rep9_task14_t4_es
LOG (gmm-acc-stats-ali[5.2.126~1-134cf7]:main():gmm-acc-stats-ali.cc:105) Processed 2550 utterances; for utterance user00063_ses63_rep10_task13_t3_es avg. like is -92.6614 over 310 frames.
WARNING (gmm-acc-stats-ali[5.2.126~1-134cf7]:main():gmm-acc-stats-ali.cc:79) No alignment for utterance user00063_ses63_rep1_task14_t4_es
WARNING (gmm-acc-stats-ali[5.2.126~1-134cf7]:main():gmm-acc-stats-ali.cc:79) No alignment for utterance user00063_ses63_rep2_task14_t4_es
WARNING (gmm-acc-stats-ali[5.2.126~1-134cf7]:main():gmm-acc-stats-ali.cc:79) No alignment for utterance user00063_ses63_rep4_task14_t4_es
WARNING (gmm-acc-stats-ali[5.2.126~1-134cf7]:main():gmm-acc-stats-ali.cc:79) No alignment for utterance user00063_ses63_rep5_task14_t4_es
LOG (gmm-acc-stats-ali[5.2.126~1-134cf7]:main():gmm-acc-stats-ali.cc:105) Processed 2600 utterances; for utterance user00063_ses63_rep5_task17_t7_es avg. like is -101.569 over 328 frames.
WARNING (gmm-acc-stats-ali[5.2.126~1-134cf7]:main():gmm-acc-stats-ali.cc:79) No alignment for utterance user00063_ses63_rep6_task14_t4_es
WARNING (gmm-acc-stats-ali[5.2.126~1-134cf7]:main():gmm-acc-stats-ali.cc:79) No alignment for utterance user00063_ses63_rep8_task14_t4_es
LOG (gmm-acc-stats-ali[5.2.126~1-134cf7]:main():gmm-acc-stats-ali.cc:105) Processed 2650 utterances; for utterance user00064_ses64_rep10_task19_t9_es avg. like is -91.7284 over 370 frames.
LOG (gmm-acc-stats-ali[5.2.126~1-134cf7]:main():gmm-acc-stats-ali.cc:105) Processed 2700 utterances; for utterance user00064_ses64_rep5_task19_t9_es avg. like is -101.17 over 346 frames.
LOG (apply-cmvn[5.2.126~1-134cf7]:main():apply-cmvn.cc:162) Applied cepstral mean normalization to 2800 utterances, errors on 0
LOG (gmm-acc-stats-ali[5.2.126~1-134cf7]:main():gmm-acc-stats-ali.cc:112) Done 2741 files, 59 with errors.
LOG (gmm-acc-stats-ali[5.2.126~1-134cf7]:main():gmm-acc-stats-ali.cc:115) Overall avg like per frame (Gaussian only) = -101.1 over 853892 frames.
LOG (gmm-acc-stats-ali[5.2.126~1-134cf7]:main():gmm-acc-stats-ali.cc:123) Written accs.
# Accounting: time=2 threads=1
# Ended (code 0) at Mon Oct  9 19:27:23 COT 2017, elapsed time 2 seconds
