# align-equal-compiled "ark:gunzip -c exp/mono/fsts.3.gz|" "ark,s,cs:apply-cmvn  --utt2spk=ark:data/train/split3/3/utt2spk scp:data/train/split3/3/cmvn.scp scp:data/train/split3/3/feats.scp ark:- | add-deltas ark:- ark:- |" ark,t:- | gmm-acc-stats-ali --binary=true exp/mono/0.mdl "ark,s,cs:apply-cmvn  --utt2spk=ark:data/train/split3/3/utt2spk scp:data/train/split3/3/cmvn.scp scp:data/train/split3/3/feats.scp ark:- | add-deltas ark:- ark:- |" ark:- exp/mono/0.3.acc 
# Started at Mon Oct  9 19:21:43 COT 2017
#
align-equal-compiled 'ark:gunzip -c exp/mono/fsts.3.gz|' 'ark,s,cs:apply-cmvn  --utt2spk=ark:data/train/split3/3/utt2spk scp:data/train/split3/3/cmvn.scp scp:data/train/split3/3/feats.scp ark:- | add-deltas ark:- ark:- |' ark,t:- 
apply-cmvn --utt2spk=ark:data/train/split3/3/utt2spk scp:data/train/split3/3/cmvn.scp scp:data/train/split3/3/feats.scp ark:- 
add-deltas ark:- ark:- 
gmm-acc-stats-ali --binary=true exp/mono/0.mdl 'ark,s,cs:apply-cmvn  --utt2spk=ark:data/train/split3/3/utt2spk scp:data/train/split3/3/cmvn.scp scp:data/train/split3/3/feats.scp ark:- | add-deltas ark:- ark:- |' ark:- exp/mono/0.3.acc 
add-deltas ark:- ark:- 
apply-cmvn --utt2spk=ark:data/train/split3/3/utt2spk scp:data/train/split3/3/cmvn.scp scp:data/train/split3/3/feats.scp ark:- 
LOG (gmm-acc-stats-ali[5.2.126~1-134cf7]:main():gmm-acc-stats-ali.cc:105) Processed 50 utterances; for utterance user00065_ses65_rep4_task20_t10_es avg. like is -111.339 over 322 frames.
LOG (gmm-acc-stats-ali[5.2.126~1-134cf7]:main():gmm-acc-stats-ali.cc:105) Processed 100 utterances; for utterance user00065_ses65_rep9_task20_t10_es avg. like is -99.8631 over 346 frames.
LOG (gmm-acc-stats-ali[5.2.126~1-134cf7]:main():gmm-acc-stats-ali.cc:105) Processed 150 utterances; for utterance user00066_ses66_rep4_task20_t10_es avg. like is -109.891 over 334 frames.
LOG (gmm-acc-stats-ali[5.2.126~1-134cf7]:main():gmm-acc-stats-ali.cc:105) Processed 200 utterances; for utterance user00066_ses66_rep9_task20_t10_es avg. like is -95.8274 over 340 frames.
LOG (gmm-acc-stats-ali[5.2.126~1-134cf7]:main():gmm-acc-stats-ali.cc:105) Processed 250 utterances; for utterance user00067_ses67_rep4_task20_t10_es avg. like is -116.253 over 298 frames.
LOG (gmm-acc-stats-ali[5.2.126~1-134cf7]:main():gmm-acc-stats-ali.cc:105) Processed 300 utterances; for utterance user00067_ses67_rep9_task20_t10_es avg. like is -102.249 over 262 frames.
LOG (gmm-acc-stats-ali[5.2.126~1-134cf7]:main():gmm-acc-stats-ali.cc:105) Processed 350 utterances; for utterance user00068_ses68_rep4_task20_t10_es avg. like is -111.455 over 322 frames.
LOG (gmm-acc-stats-ali[5.2.126~1-134cf7]:main():gmm-acc-stats-ali.cc:105) Processed 400 utterances; for utterance user00068_ses68_rep9_task20_t10_es avg. like is -103.567 over 274 frames.
LOG (gmm-acc-stats-ali[5.2.126~1-134cf7]:main():gmm-acc-stats-ali.cc:105) Processed 450 utterances; for utterance user00069_ses69_rep4_task20_t10_es avg. like is -117.083 over 262 frames.
LOG (gmm-acc-stats-ali[5.2.126~1-134cf7]:main():gmm-acc-stats-ali.cc:105) Processed 500 utterances; for utterance user00069_ses69_rep9_task20_t10_es avg. like is -106.635 over 232 frames.
LOG (gmm-acc-stats-ali[5.2.126~1-134cf7]:main():gmm-acc-stats-ali.cc:105) Processed 550 utterances; for utterance user00070_ses70_rep4_task20_t10_es avg. like is -114.239 over 298 frames.
LOG (gmm-acc-stats-ali[5.2.126~1-134cf7]:main():gmm-acc-stats-ali.cc:105) Processed 600 utterances; for utterance user00070_ses70_rep9_task20_t10_es avg. like is -106.805 over 238 frames.
LOG (gmm-acc-stats-ali[5.2.126~1-134cf7]:main():gmm-acc-stats-ali.cc:105) Processed 650 utterances; for utterance user00071_ses71_rep4_task20_t10_es avg. like is -107.271 over 328 frames.
LOG (gmm-acc-stats-ali[5.2.126~1-134cf7]:main():gmm-acc-stats-ali.cc:105) Processed 700 utterances; for utterance user00071_ses71_rep9_task20_t10_es avg. like is -98.1288 over 250 frames.
LOG (gmm-acc-stats-ali[5.2.126~1-134cf7]:main():gmm-acc-stats-ali.cc:105) Processed 750 utterances; for utterance user00072_ses72_rep4_task20_t10_es avg. like is -113.382 over 268 frames.
LOG (gmm-acc-stats-ali[5.2.126~1-134cf7]:main():gmm-acc-stats-ali.cc:105) Processed 800 utterances; for utterance user00072_ses72_rep9_task20_t10_es avg. like is -107.392 over 220 frames.
LOG (gmm-acc-stats-ali[5.2.126~1-134cf7]:main():gmm-acc-stats-ali.cc:105) Processed 850 utterances; for utterance user00073_ses73_rep4_task20_t10_es avg. like is -112.445 over 304 frames.
LOG (gmm-acc-stats-ali[5.2.126~1-134cf7]:main():gmm-acc-stats-ali.cc:105) Processed 900 utterances; for utterance user00073_ses73_rep9_task20_t10_es avg. like is -102.981 over 280 frames.
LOG (gmm-acc-stats-ali[5.2.126~1-134cf7]:main():gmm-acc-stats-ali.cc:105) Processed 950 utterances; for utterance user00074_ses74_rep4_task20_t10_es avg. like is -121.889 over 304 frames.
LOG (gmm-acc-stats-ali[5.2.126~1-134cf7]:main():gmm-acc-stats-ali.cc:105) Processed 1000 utterances; for utterance user00074_ses74_rep9_task20_t10_es avg. like is -113.786 over 316 frames.
LOG (gmm-acc-stats-ali[5.2.126~1-134cf7]:main():gmm-acc-stats-ali.cc:105) Processed 1050 utterances; for utterance user00075_ses75_rep4_task20_t10_es avg. like is -110.89 over 232 frames.
LOG (gmm-acc-stats-ali[5.2.126~1-134cf7]:main():gmm-acc-stats-ali.cc:105) Processed 1100 utterances; for utterance user00075_ses75_rep9_task20_t10_es avg. like is -95.4162 over 226 frames.
LOG (gmm-acc-stats-ali[5.2.126~1-134cf7]:main():gmm-acc-stats-ali.cc:105) Processed 1150 utterances; for utterance user00076_ses76_rep4_task20_t10_es avg. like is -110.728 over 268 frames.
LOG (gmm-acc-stats-ali[5.2.126~1-134cf7]:main():gmm-acc-stats-ali.cc:105) Processed 1200 utterances; for utterance user00076_ses76_rep9_task20_t10_es avg. like is -98.5051 over 220 frames.
LOG (gmm-acc-stats-ali[5.2.126~1-134cf7]:main():gmm-acc-stats-ali.cc:105) Processed 1250 utterances; for utterance user00077_ses77_rep4_task20_t10_es avg. like is -119.515 over 268 frames.
LOG (gmm-acc-stats-ali[5.2.126~1-134cf7]:main():gmm-acc-stats-ali.cc:105) Processed 1300 utterances; for utterance user00077_ses77_rep9_task20_t10_es avg. like is -107.049 over 256 frames.
LOG (gmm-acc-stats-ali[5.2.126~1-134cf7]:main():gmm-acc-stats-ali.cc:105) Processed 1350 utterances; for utterance user00078_ses78_rep4_task20_t10_es avg. like is -114.731 over 268 frames.
LOG (gmm-acc-stats-ali[5.2.126~1-134cf7]:main():gmm-acc-stats-ali.cc:105) Processed 1400 utterances; for utterance user00078_ses78_rep9_task20_t10_es avg. like is -109.853 over 316 frames.
LOG (gmm-acc-stats-ali[5.2.126~1-134cf7]:main():gmm-acc-stats-ali.cc:105) Processed 1450 utterances; for utterance user00079_ses79_rep4_task20_t10_es avg. like is -112.262 over 226 frames.
LOG (gmm-acc-stats-ali[5.2.126~1-134cf7]:main():gmm-acc-stats-ali.cc:105) Processed 1500 utterances; for utterance user00079_ses79_rep9_task20_t10_es avg. like is -104.238 over 202 frames.
LOG (gmm-acc-stats-ali[5.2.126~1-134cf7]:main():gmm-acc-stats-ali.cc:105) Processed 1550 utterances; for utterance user00080_ses80_rep4_task20_t10_es avg. like is -118.805 over 226 frames.
LOG (gmm-acc-stats-ali[5.2.126~1-134cf7]:main():gmm-acc-stats-ali.cc:105) Processed 1600 utterances; for utterance user00080_ses80_rep9_task20_t10_es avg. like is -106.792 over 226 frames.
LOG (gmm-acc-stats-ali[5.2.126~1-134cf7]:main():gmm-acc-stats-ali.cc:105) Processed 1650 utterances; for utterance user00081_ses81_rep4_task20_t10_es avg. like is -124.943 over 244 frames.
LOG (gmm-acc-stats-ali[5.2.126~1-134cf7]:main():gmm-acc-stats-ali.cc:105) Processed 1700 utterances; for utterance user00081_ses81_rep9_task20_t10_es avg. like is -115.294 over 238 frames.
LOG (gmm-acc-stats-ali[5.2.126~1-134cf7]:main():gmm-acc-stats-ali.cc:105) Processed 1750 utterances; for utterance user00082_ses82_rep4_task20_t10_es avg. like is -114.833 over 316 frames.
LOG (gmm-acc-stats-ali[5.2.126~1-134cf7]:main():gmm-acc-stats-ali.cc:105) Processed 1800 utterances; for utterance user00082_ses82_rep9_task20_t10_es avg. like is -102.913 over 250 frames.
LOG (gmm-acc-stats-ali[5.2.126~1-134cf7]:main():gmm-acc-stats-ali.cc:105) Processed 1850 utterances; for utterance user00083_ses83_rep4_task20_t10_es avg. like is -113.813 over 196 frames.
LOG (gmm-acc-stats-ali[5.2.126~1-134cf7]:main():gmm-acc-stats-ali.cc:105) Processed 1900 utterances; for utterance user00083_ses83_rep9_task20_t10_es avg. like is -100.749 over 202 frames.
LOG (gmm-acc-stats-ali[5.2.126~1-134cf7]:main():gmm-acc-stats-ali.cc:105) Processed 1950 utterances; for utterance user00084_ses84_rep4_task20_t10_es avg. like is -127.236 over 274 frames.
LOG (gmm-acc-stats-ali[5.2.126~1-134cf7]:main():gmm-acc-stats-ali.cc:105) Processed 2000 utterances; for utterance user00084_ses84_rep9_task20_t10_es avg. like is -104.031 over 292 frames.
LOG (gmm-acc-stats-ali[5.2.126~1-134cf7]:main():gmm-acc-stats-ali.cc:105) Processed 2050 utterances; for utterance user00086_ses86_rep4_task20_t10_es avg. like is -111.959 over 286 frames.
LOG (gmm-acc-stats-ali[5.2.126~1-134cf7]:main():gmm-acc-stats-ali.cc:105) Processed 2100 utterances; for utterance user00086_ses86_rep9_task20_t10_es avg. like is -99.3752 over 286 frames.
LOG (gmm-acc-stats-ali[5.2.126~1-134cf7]:main():gmm-acc-stats-ali.cc:105) Processed 2150 utterances; for utterance user00087_ses87_rep4_task20_t10_es avg. like is -117.474 over 202 frames.
LOG (gmm-acc-stats-ali[5.2.126~1-134cf7]:main():gmm-acc-stats-ali.cc:105) Processed 2200 utterances; for utterance user00087_ses87_rep9_task20_t10_es avg. like is -106.999 over 202 frames.
LOG (gmm-acc-stats-ali[5.2.126~1-134cf7]:main():gmm-acc-stats-ali.cc:105) Processed 2250 utterances; for utterance user00088_ses88_rep4_task20_t10_es avg. like is -124.587 over 190 frames.
LOG (gmm-acc-stats-ali[5.2.126~1-134cf7]:main():gmm-acc-stats-ali.cc:105) Processed 2300 utterances; for utterance user00088_ses88_rep9_task20_t10_es avg. like is -100.374 over 184 frames.
LOG (gmm-acc-stats-ali[5.2.126~1-134cf7]:main():gmm-acc-stats-ali.cc:105) Processed 2350 utterances; for utterance user00089_ses89_rep4_task20_t10_es avg. like is -121.979 over 184 frames.
LOG (gmm-acc-stats-ali[5.2.126~1-134cf7]:main():gmm-acc-stats-ali.cc:105) Processed 2400 utterances; for utterance user00089_ses89_rep9_task20_t10_es avg. like is -106.056 over 172 frames.
LOG (gmm-acc-stats-ali[5.2.126~1-134cf7]:main():gmm-acc-stats-ali.cc:105) Processed 2450 utterances; for utterance user00090_ses90_rep4_task19_t9_es avg. like is -125.543 over 322 frames.
LOG (gmm-acc-stats-ali[5.2.126~1-134cf7]:main():gmm-acc-stats-ali.cc:105) Processed 2500 utterances; for utterance user00090_ses90_rep9_task19_t9_es avg. like is -110.415 over 280 frames.
LOG (gmm-acc-stats-ali[5.2.126~1-134cf7]:main():gmm-acc-stats-ali.cc:105) Processed 2550 utterances; for utterance user00091_ses91_rep4_task19_t9_es avg. like is -124.835 over 298 frames.
LOG (gmm-acc-stats-ali[5.2.126~1-134cf7]:main():gmm-acc-stats-ali.cc:105) Processed 2600 utterances; for utterance user00091_ses91_rep9_task19_t9_es avg. like is -106.601 over 292 frames.
LOG (gmm-acc-stats-ali[5.2.126~1-134cf7]:main():gmm-acc-stats-ali.cc:105) Processed 2650 utterances; for utterance user00093_ses93_rep4_task19_t9_es avg. like is -129.657 over 358 frames.
LOG (gmm-acc-stats-ali[5.2.126~1-134cf7]:main():gmm-acc-stats-ali.cc:105) Processed 2700 utterances; for utterance user00093_ses93_rep9_task19_t9_es avg. like is -115.148 over 274 frames.
LOG (gmm-acc-stats-ali[5.2.126~1-134cf7]:main():gmm-acc-stats-ali.cc:105) Processed 2750 utterances; for utterance user00094_ses94_rep4_task19_t9_es avg. like is -134.316 over 250 frames.
LOG (apply-cmvn[5.2.126~1-134cf7]:main():apply-cmvn.cc:162) Applied cepstral mean normalization to 2801 utterances, errors on 0
LOG (apply-cmvn[5.2.126~1-134cf7]:main():apply-cmvn.cc:162) Applied cepstral mean normalization to 2801 utterances, errors on 0
LOG (align-equal-compiled[5.2.126~1-134cf7]:main():align-equal-compiled.cc:107) Success: done 2801 utterances.
LOG (gmm-acc-stats-ali[5.2.126~1-134cf7]:main():gmm-acc-stats-ali.cc:105) Processed 2800 utterances; for utterance user00094_ses94_rep9_task19_t9_es avg. like is -114.236 over 274 frames.
LOG (gmm-acc-stats-ali[5.2.126~1-134cf7]:main():gmm-acc-stats-ali.cc:112) Done 2801 files, 0 with errors.
LOG (gmm-acc-stats-ali[5.2.126~1-134cf7]:main():gmm-acc-stats-ali.cc:115) Overall avg like per frame (Gaussian only) = -115.415 over 936080 frames.
LOG (gmm-acc-stats-ali[5.2.126~1-134cf7]:main():gmm-acc-stats-ali.cc:123) Written accs.
# Accounting: time=4 threads=1
# Ended (code 0) at Mon Oct  9 19:21:47 COT 2017, elapsed time 4 seconds
