# gmm-est --write-occs=exp/mono/7.occs --mix-up=226 --power=0.25 exp/mono/6.mdl "gmm-sum-accs - exp/mono/6.*.acc|" exp/mono/7.mdl 
# Started at Mon Oct  9 19:30:40 COT 2017
#
gmm-est --write-occs=exp/mono/7.occs --mix-up=226 --power=0.25 exp/mono/6.mdl 'gmm-sum-accs - exp/mono/6.*.acc|' exp/mono/7.mdl 
gmm-sum-accs - exp/mono/6.1.acc exp/mono/6.2.acc exp/mono/6.3.acc 
LOG (gmm-sum-accs[5.2.126~1-134cf7]:main():gmm-sum-accs.cc:63) Summed 3 stats, total count 2.72412e+06, avg like/frame -98.5343
LOG (gmm-sum-accs[5.2.126~1-134cf7]:main():gmm-sum-accs.cc:66) Total count of stats is 2.72412e+06
LOG (gmm-sum-accs[5.2.126~1-134cf7]:main():gmm-sum-accs.cc:67) Written stats to -
LOG (gmm-est[5.2.126~1-134cf7]:MleUpdate():transition-model.cc:517) TransitionModel::Update, objf change is 0.00443994 per frame over 2.72412e+06 frames. 
LOG (gmm-est[5.2.126~1-134cf7]:MleUpdate():transition-model.cc:520) 23 probabilities floored, 172 out of 314 transition-states skipped due to insuffient data (it is normal to have some skipped.)
LOG (gmm-est[5.2.126~1-134cf7]:main():gmm-est.cc:102) Transition model update: Overall 0.00443994 log-like improvement per frame over 2.72412e+06 frames.
WARNING (gmm-est[5.2.126~1-134cf7]:MleDiagGmmUpdate():mle-diag-gmm.cc:365) Gaussian has too little data but not removing it because it is the last Gaussian: i = 0, occ = 0, weight = 1
WARNING (gmm-est[5.2.126~1-134cf7]:MleDiagGmmUpdate():mle-diag-gmm.cc:365) Gaussian has too little data but not removing it because it is the last Gaussian: i = 0, occ = 0, weight = 1
WARNING (gmm-est[5.2.126~1-134cf7]:MleDiagGmmUpdate():mle-diag-gmm.cc:365) Gaussian has too little data but not removing it because it is the last Gaussian: i = 0, occ = 0, weight = 1
LOG (gmm-est[5.2.126~1-134cf7]:MleAmDiagGmmUpdate():mle-am-diag-gmm.cc:225) 0 variance elements floored in 0 Gaussians, out of 196
LOG (gmm-est[5.2.126~1-134cf7]:MleAmDiagGmmUpdate():mle-am-diag-gmm.cc:229) Removed 0 Gaussians due to counts < --min-gaussian-occupancy=10 and --remove-low-count-gaussians=true
LOG (gmm-est[5.2.126~1-134cf7]:main():gmm-est.cc:113) GMM update: Overall 0.357941 objective function improvement per frame over 2.72412e+06 frames
LOG (gmm-est[5.2.126~1-134cf7]:main():gmm-est.cc:116) GMM update: Overall avg like per frame = -98.5343 over 2.72412e+06 frames.
LOG (gmm-est[5.2.126~1-134cf7]:SplitByCount():am-diag-gmm.cc:116) Split 76 states with target = 226, power = 0.25, perturb_factor = 0.01 and min_count = 20, split #Gauss from 196 to 226
LOG (gmm-est[5.2.126~1-134cf7]:main():gmm-est.cc:146) Written model to exp/mono/7.mdl
# Accounting: time=0 threads=1
# Ended (code 0) at Mon Oct  9 19:30:40 COT 2017, elapsed time 0 seconds
